[debug] [2025-06-21T02:58:10.950Z] ----------------------------------------------------------------------
[debug] [2025-06-21T02:58:10.954Z] Command:       C:\nvm4w\nodejs\node.exe C:\Users\Caden\AppData\Roaming\npm\node_modules\firebase-tools\lib\bin\firebase.js init
[debug] [2025-06-21T02:58:10.955Z] CLI Version:   14.7.0
[debug] [2025-06-21T02:58:10.955Z] Platform:      win32
[debug] [2025-06-21T02:58:10.955Z] Node Version:  v22.16.0
[debug] [2025-06-21T02:58:10.956Z] Time:          Fri Jun 20 2025 21:58:10 GMT-0500 (Central Daylight Time)
[debug] [2025-06-21T02:58:10.956Z] ----------------------------------------------------------------------
[debug] 
[debug] [2025-06-21T02:58:11.266Z] > command requires scopes: ["email","openid","https://www.googleapis.com/auth/cloudplatformprojects.readonly","https://www.googleapis.com/auth/firebase","https://www.googleapis.com/auth/cloud-platform"]
[debug] [2025-06-21T02:58:11.267Z] > authorizing via signed-in user (cadendeverter@gmail.com)
[info] 
     ######## #### ########  ######## ########     ###     ######  ########
     ##        ##  ##     ## ##       ##     ##  ##   ##  ##       ##
     ######    ##  ########  ######   ########  #########  ######  ######
     ##        ##  ##    ##  ##       ##     ## ##     ##       ## ##
     ##       #### ##     ## ######## ########  ##     ##  ######  ########

You're about to initialize a Firebase project in this directory:

  C:\Users\Caden\OneDrive\businesses\WayGo_Freight\waygo-freight-temp

Before we get started, keep in mind:

  * You are initializing within an existing Firebase project directory

[debug] [2025-06-21T02:58:36.161Z] ExitPromptError: User force closed the prompt with SIGINT
    at Interface.sigint (C:\Users\Caden\AppData\Roaming\npm\node_modules\firebase-tools\node_modules\@inquirer\core\dist\commonjs\lib\create-prompt.js:101:37)
    at Interface.emit (node:events:518:28)
    at Interface.emit (node:domain:489:12)
    at [_ttyWrite] [as _ttyWrite] (node:internal/readline/interface:1128:18)
    at ReadStream.onkeypress (node:internal/readline/interface:267:20)
    at ReadStream.emit (node:events:530:35)
    at ReadStream.emit (node:domain:489:12)
    at emitKeys (node:internal/readline/utils:370:14)
    at emitKeys.next (<anonymous>)
    at ReadStream.onData (node:internal/readline/emitKeypressEvents:64:36)
[error] 
[error] Error: An unexpected error has occurred.
